#
# There is insufficient memory for the Java Runtime Environment to continue.
# Native memory allocation (malloc) failed to allocate 2013296 bytes for Chunk::new
# Possible reasons:
#   The system is out of physical RAM or swap space
#   The process is running with CompressedOops enabled, and the Java Heap may be blocking the growth of the native heap
# Possible solutions:
#   Reduce memory load on the system
#   Increase physical memory or swap space
#   Check if swap backing store is full
#   Decrease Java heap size (-Xmx/-Xms)
#   Decrease number of Java threads
#   Decrease Java thread stack sizes (-Xss)
#   Set larger code cache with -XX:ReservedCodeCacheSize=
#   JVM is running with Unscaled Compressed Oops mode in which the Java heap is
#     placed in the first 4GB address space. The Java Heap base address is the
#     maximum limit for the native heap growth. Please use -XX:HeapBaseMinAddress
#     to set the Java Heap base and to place the Java Heap above 4GB virtual address.
# This output file may be truncated or incomplete.
#
#  Out of Memory Error (./src/hotspot/share/memory/arena.cpp:197), pid=33716, tid=35464
#
# JRE version: OpenJDK Runtime Environment AdoptOpenJDK-11.0.11+9 (11.0.11+9) (build 11.0.11+9)
# Java VM: OpenJDK 64-Bit Server VM AdoptOpenJDK-11.0.11+9 (11.0.11+9, mixed mode, tiered, compressed oops, g1 gc, windows-amd64)
# No core dump will be written. Minidumps are not enabled by default on client versions of Windows
#

---------------  S U M M A R Y ------------

Command Line: -Dclassworlds.conf=C:\apache-maven-3.8.1\bin\..\bin\m2.conf -Dmaven.home=C:\apache-maven-3.8.1\bin\.. -Dlibrary.jansi.path=C:\apache-maven-3.8.1\bin\..\lib\jansi-native -Dmaven.multiModuleProjectDirectory=C:\Temp\MyTest\mydealprj\Consign org.codehaus.plexus.classworlds.launcher.Launcher spring-boot:run

Host: Intel(R) Core(TM) i5-5200U CPU @ 2.20GHz, 4 cores, 7G,  Windows 10 , 64 bit Build 19041 (10.0.19041.1023)
Time: Wed Jul 21 20:21:28 2021 대한민국 표준시 elapsed time: 62.956064 seconds (0d 0h 1m 2s)

---------------  T H R E A D  ---------------

Current thread (0x000002483937a800):  JavaThread "C2 CompilerThread1" daemon [_thread_in_native, id=35464, stack(0x00000099f0100000,0x00000099f0200000)]


Current CompileTask:
C2:  62956 10188       4       org.springframework.core.annotation.AnnotationUtils::postProcessAnnotationAttributes (163 bytes)

Stack: [0x00000099f0100000,0x00000099f0200000]
Native frames: (J=compiled Java code, j=interpreted, Vv=VM code, C=native code)
V  [jvm.dll+0x5f7e5a]
V  [jvm.dll+0x77ff2e]
V  [jvm.dll+0x7815ff]
V  [jvm.dll+0x781cc3]
V  [jvm.dll+0x247408]
V  [jvm.dll+0xbe69c]
V  [jvm.dll+0xbed9c]
V  [jvm.dll+0x34cb47]
V  [jvm.dll+0x31a653]
V  [jvm.dll+0x31998a]
V  [jvm.dll+0x200d85]
V  [jvm.dll+0x1fff6f]
V  [jvm.dll+0x184f1c]
V  [jvm.dll+0x20f3e7]
V  [jvm.dll+0x20d5cb]
V  [jvm.dll+0x7442f9]
V  [jvm.dll+0x73d364]
V  [jvm.dll+0x5f6cd6]
C  [ucrtbase.dll+0x21bb2]
C  [KERNEL32.DLL+0x17034]
C  [ntdll.dll+0x52651]


---------------  P R O C E S S  ---------------

Threads class SMR info:
_java_thread_list=0x000002483eb03ce0, length=17, elements={
0x0000024813977000, 0x0000024834055800, 0x000002483405f000, 0x0000024834083800,
0x0000024834084800, 0x0000024834087000, 0x000002483408e000, 0x000002483408f800,
0x000002483409b000, 0x0000024834ae3800, 0x0000024838002800, 0x000002483937c000,
0x0000024839379800, 0x0000024839377800, 0x000002483937d000, 0x000002483937a800,
0x000002483937e000
}

Java Threads: ( => current thread )
  0x0000024813977000 JavaThread "main" [_thread_blocked, id=41780, stack(0x00000099ee700000,0x00000099ee800000)]
  0x0000024834055800 JavaThread "Reference Handler" daemon [_thread_blocked, id=38024, stack(0x00000099eee00000,0x00000099eef00000)]
  0x000002483405f000 JavaThread "Finalizer" daemon [_thread_blocked, id=17636, stack(0x00000099eef00000,0x00000099ef000000)]
  0x0000024834083800 JavaThread "Signal Dispatcher" daemon [_thread_blocked, id=40232, stack(0x00000099ef000000,0x00000099ef100000)]
  0x0000024834084800 JavaThread "Attach Listener" daemon [_thread_blocked, id=29872, stack(0x00000099ef100000,0x00000099ef200000)]
  0x0000024834087000 JavaThread "Service Thread" daemon [_thread_blocked, id=36124, stack(0x00000099ef200000,0x00000099ef300000)]
  0x000002483408e000 JavaThread "C2 CompilerThread0" daemon [_thread_in_native, id=8888, stack(0x00000099ef300000,0x00000099ef400000)]
  0x000002483408f800 JavaThread "C1 CompilerThread0" daemon [_thread_blocked, id=32296, stack(0x00000099ef400000,0x00000099ef500000)]
  0x000002483409b000 JavaThread "Sweeper thread" daemon [_thread_blocked, id=21668, stack(0x00000099ef500000,0x00000099ef600000)]
  0x0000024834ae3800 JavaThread "Common-Cleaner" daemon [_thread_blocked, id=8712, stack(0x00000099ef700000,0x00000099ef800000)]
  0x0000024838002800 JavaThread "main" [_thread_in_native, id=33276, stack(0x00000099efb00000,0x00000099efc00000)]
  0x000002483937c000 JavaThread "Catalina-utility-1" [_thread_blocked, id=41384, stack(0x00000099ee400000,0x00000099ee500000)]
  0x0000024839379800 JavaThread "Catalina-utility-2" [_thread_blocked, id=21536, stack(0x00000099eff00000,0x00000099f0000000)]
  0x0000024839377800 JavaThread "container-0" [_thread_blocked, id=25948, stack(0x00000099f0000000,0x00000099f0100000)]
  0x000002483937d000 JavaThread "HikariPool-1 housekeeper" daemon [_thread_blocked, id=41572, stack(0x00000099efa00000,0x00000099efb00000)]
=>0x000002483937a800 JavaThread "C2 CompilerThread1" daemon [_thread_in_native, id=35464, stack(0x00000099f0100000,0x00000099f0200000)]
  0x000002483937e000 JavaThread "HikariPool-1 connection adder" daemon [_thread_blocked, id=30336, stack(0x00000099f0200000,0x00000099f0300000)]

Other Threads:
  0x000002483402e800 VMThread "VM Thread" [stack: 0x00000099eed00000,0x00000099eee00000] [id=35104]
  0x0000024834adf000 WatcherThread [stack: 0x00000099ef600000,0x00000099ef700000] [id=30748]
  0x0000024813990000 GCTaskThread "GC Thread#0" [stack: 0x00000099ee800000,0x00000099ee900000] [id=41852]
  0x0000024835250800 GCTaskThread "GC Thread#1" [stack: 0x00000099ef800000,0x00000099ef900000] [id=33184]
  0x0000024835538800 GCTaskThread "GC Thread#2" [stack: 0x00000099ef900000,0x00000099efa00000] [id=36376]
  0x0000024838d4e000 GCTaskThread "GC Thread#3" [stack: 0x00000099efc00000,0x00000099efd00000] [id=37164]
  0x00000248139c3800 ConcurrentGCThread "G1 Main Marker" [stack: 0x00000099ee900000,0x00000099eea00000] [id=19108]
  0x00000248139c5000 ConcurrentGCThread "G1 Conc#0" [stack: 0x00000099eea00000,0x00000099eeb00000] [id=29088]
  0x0000024813a57800 ConcurrentGCThread "G1 Refine#0" [stack: 0x00000099eeb00000,0x00000099eec00000] [id=17748]
  0x0000024813a59800 ConcurrentGCThread "G1 Young RemSet Sampling" [stack: 0x00000099eec00000,0x00000099eed00000] [id=29736]

Threads with active compile tasks:
C2 CompilerThread0  63134 10174   !   4       java.lang.ClassLoader::loadClass (122 bytes)
C2 CompilerThread1  63134 10188       4       org.springframework.core.annotation.AnnotationUtils::postProcessAnnotationAttributes (163 bytes)

VM state:not at safepoint (normal execution)

VM Mutex/Monitor currently owned by a thread: None

Heap address: 0x0000000081400000, size: 2028 MB, Compressed Oops mode: 32-bit
Narrow klass base: 0x0000000000000000, Narrow klass shift: 3
Compressed class space size: 1073741824 Address: 0x0000000100000000

Heap:
 garbage-first heap   total 160768K, used 106670K [0x0000000081400000, 0x0000000100000000)
  region size 1024K, 39 young (39936K), 3 survivors (3072K)
 Metaspace       used 79785K, capacity 81628K, committed 81664K, reserved 1120256K
  class space    used 9475K, capacity 10224K, committed 10240K, reserved 1048576K
Heap Regions: E=young(eden), S=young(survivor), O=old, HS=humongous(starts), HC=humongous(continues), CS=collection set, F=free, A=archive, TAMS=top-at-mark-start (previous, next)
|   0|0x0000000081400000, 0x0000000081500000, 0x0000000081500000|100%| O|  |TAMS 0x0000000081500000, 0x0000000081400000| Untracked 
|   1|0x0000000081500000, 0x0000000081600000, 0x0000000081600000|100%| O|  |TAMS 0x0000000081600000, 0x0000000081500000| Untracked 
|   2|0x0000000081600000, 0x0000000081700000, 0x0000000081700000|100%| O|  |TAMS 0x0000000081700000, 0x0000000081600000| Untracked 
|   3|0x0000000081700000, 0x0000000081800000, 0x0000000081800000|100%| O|  |TAMS 0x0000000081800000, 0x0000000081700000| Untracked 
|   4|0x0000000081800000, 0x0000000081900000, 0x0000000081900000|100%| O|  |TAMS 0x0000000081900000, 0x0000000081800000| Untracked 
|   5|0x0000000081900000, 0x0000000081a00000, 0x0000000081a00000|100%| O|  |TAMS 0x0000000081a00000, 0x0000000081900000| Untracked 
|   6|0x0000000081a00000, 0x0000000081b00000, 0x0000000081b00000|100%| O|  |TAMS 0x0000000081b00000, 0x0000000081a00000| Untracked 
|   7|0x0000000081b00000, 0x0000000081c00000, 0x0000000081c00000|100%| O|  |TAMS 0x0000000081c00000, 0x0000000081b00000| Untracked 
|   8|0x0000000081c00000, 0x0000000081d00000, 0x0000000081d00000|100%| O|  |TAMS 0x0000000081d00000, 0x0000000081c00000| Untracked 
|   9|0x0000000081d00000, 0x0000000081e00000, 0x0000000081e00000|100%| O|  |TAMS 0x0000000081e00000, 0x0000000081d00000| Untracked 
|  10|0x0000000081e00000, 0x0000000081f00000, 0x0000000081f00000|100%| O|  |TAMS 0x0000000081f00000, 0x0000000081e00000| Untracked 
|  11|0x0000000081f00000, 0x0000000082000000, 0x0000000082000000|100%| O|  |TAMS 0x0000000082000000, 0x0000000081f00000| Untracked 
|  12|0x0000000082000000, 0x0000000082100000, 0x0000000082100000|100%| O|  |TAMS 0x0000000082100000, 0x0000000082000000| Untracked 
|  13|0x0000000082100000, 0x0000000082200000, 0x0000000082200000|100%| O|  |TAMS 0x0000000082200000, 0x0000000082100000| Untracked 
|  14|0x0000000082200000, 0x0000000082300000, 0x0000000082300000|100%| O|  |TAMS 0x0000000082300000, 0x0000000082200000| Untracked 
|  15|0x0000000082300000, 0x0000000082400000, 0x0000000082400000|100%| O|  |TAMS 0x0000000082400000, 0x0000000082300000| Untracked 
|  16|0x0000000082400000, 0x0000000082500000, 0x0000000082500000|100%| O|  |TAMS 0x0000000082500000, 0x0000000082400000| Untracked 
|  17|0x0000000082500000, 0x0000000082600000, 0x0000000082600000|100%| O|  |TAMS 0x0000000082600000, 0x0000000082500000| Complete 
|  18|0x0000000082600000, 0x0000000082700000, 0x0000000082700000|100%| O|  |TAMS 0x0000000082700000, 0x0000000082600000| Complete 
|  19|0x0000000082700000, 0x0000000082800000, 0x0000000082800000|100%| O|  |TAMS 0x0000000082800000, 0x0000000082700000| Untracked 
|  20|0x0000000082800000, 0x0000000082900000, 0x0000000082900000|100%| O|  |TAMS 0x0000000082900000, 0x0000000082800000| Untracked 
|  21|0x0000000082900000, 0x0000000082a00000, 0x0000000082a00000|100%| O|  |TAMS 0x0000000082a00000, 0x0000000082900000| Untracked 
|  22|0x0000000082a00000, 0x0000000082b00000, 0x0000000082b00000|100%| O|  |TAMS 0x0000000082b00000, 0x0000000082a00000| Untracked 
|  23|0x0000000082b00000, 0x0000000082c00000, 0x0000000082c00000|100%| O|  |TAMS 0x0000000082c00000, 0x0000000082b00000| Untracked 
|  24|0x0000000082c00000, 0x0000000082d00000, 0x0000000082d00000|100%| O|  |TAMS 0x0000000082d00000, 0x0000000082c00000| Complete 
|  25|0x0000000082d00000, 0x0000000082e00000, 0x0000000082e00000|100%| O|  |TAMS 0x0000000082e00000, 0x0000000082d00000| Complete 
|  26|0x0000000082e00000, 0x0000000082f00000, 0x0000000082f00000|100%| O|  |TAMS 0x0000000082f00000, 0x0000000082e00000| Untracked 
|  27|0x0000000082f00000, 0x0000000083000000, 0x0000000083000000|100%| O|  |TAMS 0x0000000083000000, 0x0000000082f00000| Complete 
|  28|0x0000000083000000, 0x0000000083100000, 0x0000000083100000|100%| O|  |TAMS 0x0000000083100000, 0x0000000083000000| Complete 
|  29|0x0000000083100000, 0x0000000083200000, 0x0000000083200000|100%| O|  |TAMS 0x0000000083200000, 0x0000000083100000| Complete 
|  30|0x0000000083200000, 0x0000000083300000, 0x0000000083300000|100%| O|  |TAMS 0x0000000083300000, 0x0000000083200000| Complete 
|  31|0x0000000083300000, 0x0000000083400000, 0x0000000083400000|100%| O|  |TAMS 0x0000000083400000, 0x0000000083300000| Complete 
|  32|0x0000000083400000, 0x0000000083500000, 0x0000000083500000|100%| O|  |TAMS 0x0000000083500000, 0x0000000083400000| Complete 
|  33|0x0000000083500000, 0x0000000083600000, 0x0000000083600000|100%|HS|  |TAMS 0x0000000083600000, 0x0000000083500000| Complete 
|  34|0x0000000083600000, 0x0000000083700000, 0x0000000083700000|100%| O|  |TAMS 0x0000000083700000, 0x0000000083600000| Untracked 
|  35|0x0000000083700000, 0x0000000083800000, 0x0000000083800000|100%| O|  |TAMS 0x0000000083800000, 0x0000000083700000| Untracked 
|  36|0x0000000083800000, 0x0000000083900000, 0x0000000083900000|100%| O|  |TAMS 0x0000000083900000, 0x0000000083800000| Complete 
|  37|0x0000000083900000, 0x0000000083a00000, 0x0000000083a00000|100%| O|  |TAMS 0x0000000083a00000, 0x0000000083900000| Complete 
|  38|0x0000000083a00000, 0x0000000083b00000, 0x0000000083b00000|100%| O|  |TAMS 0x0000000083b00000, 0x0000000083a00000| Untracked 
|  39|0x0000000083b00000, 0x0000000083c00000, 0x0000000083c00000|100%| O|  |TAMS 0x0000000083c00000, 0x0000000083b00000| Untracked 
|  40|0x0000000083c00000, 0x0000000083d00000, 0x0000000083d00000|100%| O|  |TAMS 0x0000000083d00000, 0x0000000083c00000| Untracked 
|  41|0x0000000083d00000, 0x0000000083e00000, 0x0000000083e00000|100%| O|  |TAMS 0x0000000083e00000, 0x0000000083d00000| Untracked 
|  42|0x0000000083e00000, 0x0000000083f00000, 0x0000000083f00000|100%| O|  |TAMS 0x0000000083f00000, 0x0000000083e00000| Untracked 
|  43|0x0000000083f00000, 0x0000000083f00000, 0x0000000084000000|  0%| F|  |TAMS 0x0000000083f00000, 0x0000000083f00000| Untracked 
|  44|0x0000000084000000, 0x0000000084100000, 0x0000000084100000|100%| O|  |TAMS 0x0000000084100000, 0x0000000084000000| Complete 
|  45|0x0000000084100000, 0x0000000084200000, 0x0000000084200000|100%| O|  |TAMS 0x0000000084200000, 0x0000000084100000| Untracked 
|  46|0x0000000084200000, 0x0000000084300000, 0x0000000084300000|100%| O|  |TAMS 0x0000000084300000, 0x0000000084200000| Untracked 
|  47|0x0000000084300000, 0x0000000084400000, 0x0000000084400000|100%| O|  |TAMS 0x0000000084400000, 0x0000000084300000| Untracked 
|  48|0x0000000084400000, 0x0000000084500000, 0x0000000084500000|100%| O|  |TAMS 0x0000000084500000, 0x0000000084400000| Untracked 
|  49|0x0000000084500000, 0x0000000084600000, 0x0000000084600000|100%| O|  |TAMS 0x0000000084600000, 0x0000000084500000| Untracked 
|  50|0x0000000084600000, 0x0000000084700000, 0x0000000084700000|100%| O|  |TAMS 0x0000000084700000, 0x0000000084600000| Complete 
|  51|0x0000000084700000, 0x0000000084800000, 0x0000000084800000|100%| O|  |TAMS 0x0000000084800000, 0x0000000084700000| Untracked 
|  52|0x0000000084800000, 0x0000000084900000, 0x0000000084900000|100%| O|  |TAMS 0x0000000084900000, 0x0000000084800000| Complete 
|  53|0x0000000084900000, 0x0000000084a00000, 0x0000000084a00000|100%| O|  |TAMS 0x0000000084a00000, 0x0000000084900000| Untracked 
|  54|0x0000000084a00000, 0x0000000084b00000, 0x0000000084b00000|100%| O|  |TAMS 0x0000000084b00000, 0x0000000084a00000| Complete 
|  55|0x0000000084b00000, 0x0000000084c00000, 0x0000000084c00000|100%| O|  |TAMS 0x0000000084c00000, 0x0000000084b00000| Untracked 
|  56|0x0000000084c00000, 0x0000000084d00000, 0x0000000084d00000|100%| O|  |TAMS 0x0000000084d00000, 0x0000000084c00000| Complete 
|  57|0x0000000084d00000, 0x0000000084e00000, 0x0000000084e00000|100%| O|  |TAMS 0x0000000084e00000, 0x0000000084d00000| Untracked 
|  58|0x0000000084e00000, 0x0000000084f00000, 0x0000000084f00000|100%| O|  |TAMS 0x0000000084f00000, 0x0000000084e00000| Untracked 
|  59|0x0000000084f00000, 0x0000000085000000, 0x0000000085000000|100%| O|  |TAMS 0x0000000085000000, 0x0000000084f00000| Untracked 
|  60|0x0000000085000000, 0x0000000085100000, 0x0000000085100000|100%| O|  |TAMS 0x0000000085100000, 0x0000000085000000| Complete 
|  61|0x0000000085100000, 0x0000000085200000, 0x0000000085200000|100%| O|  |TAMS 0x0000000085200000, 0x0000000085100000| Untracked 
|  62|0x0000000085200000, 0x0000000085300000, 0x0000000085300000|100%| O|  |TAMS 0x0000000085300000, 0x0000000085200000| Untracked 
|  63|0x0000000085300000, 0x0000000085400000, 0x0000000085400000|100%| O|  |TAMS 0x0000000085400000, 0x0000000085300000| Complete 
|  64|0x0000000085400000, 0x0000000085500000, 0x0000000085500000|100%| O|  |TAMS 0x0000000085500000, 0x0000000085400000| Untracked 
|  65|0x0000000085500000, 0x0000000085600000, 0x0000000085600000|100%| O|  |TAMS 0x0000000085600000, 0x0000000085500000| Untracked 
|  66|0x0000000085600000, 0x0000000085700000, 0x0000000085700000|100%| O|  |TAMS 0x0000000085700000, 0x0000000085600000| Untracked 
|  67|0x0000000085700000, 0x0000000085800000, 0x0000000085800000|100%| O|  |TAMS 0x0000000085800000, 0x0000000085700000| Complete 
|  68|0x0000000085800000, 0x0000000085856e00, 0x0000000085900000| 33%| O|  |TAMS 0x0000000085856e00, 0x0000000085800000| Untracked 
|  69|0x0000000085900000, 0x0000000085900000, 0x0000000085a00000|  0%| F|  |TAMS 0x0000000085900000, 0x0000000085900000| Untracked 
|  70|0x0000000085a00000, 0x0000000085a00000, 0x0000000085b00000|  0%| F|  |TAMS 0x0000000085a00000, 0x0000000085a00000| Untracked 
|  71|0x0000000085b00000, 0x0000000085b00000, 0x0000000085c00000|  0%| F|  |TAMS 0x0000000085b00000, 0x0000000085b00000| Untracked 
|  72|0x0000000085c00000, 0x0000000085c00000, 0x0000000085d00000|  0%| F|  |TAMS 0x0000000085c00000, 0x0000000085c00000| Untracked 
|  73|0x0000000085d00000, 0x0000000085d00000, 0x0000000085e00000|  0%| F|  |TAMS 0x0000000085d00000, 0x0000000085d00000| Untracked 
|  74|0x0000000085e00000, 0x0000000085e00000, 0x0000000085f00000|  0%| F|  |TAMS 0x0000000085e00000, 0x0000000085e00000| Untracked 
|  75|0x0000000085f00000, 0x0000000085f00000, 0x0000000086000000|  0%| F|  |TAMS 0x0000000085f00000, 0x0000000085f00000| Untracked 
|  76|0x0000000086000000, 0x0000000086000000, 0x0000000086100000|  0%| F|  |TAMS 0x0000000086000000, 0x0000000086000000| Untracked 
|  77|0x0000000086100000, 0x0000000086100000, 0x0000000086200000|  0%| F|  |TAMS 0x0000000086100000, 0x0000000086100000| Untracked 
|  78|0x0000000086200000, 0x0000000086200000, 0x0000000086300000|  0%| F|  |TAMS 0x0000000086200000, 0x0000000086200000| Untracked 
|  79|0x0000000086300000, 0x0000000086300000, 0x0000000086400000|  0%| F|  |TAMS 0x0000000086300000, 0x0000000086300000| Untracked 
|  80|0x0000000086400000, 0x0000000086400000, 0x0000000086500000|  0%| F|  |TAMS 0x0000000086400000, 0x0000000086400000| Untracked 
|  81|0x0000000086500000, 0x0000000086500000, 0x0000000086600000|  0%| F|  |TAMS 0x0000000086500000, 0x0000000086500000| Untracked 
|  82|0x0000000086600000, 0x0000000086600000, 0x0000000086700000|  0%| F|  |TAMS 0x0000000086600000, 0x0000000086600000| Untracked 
|  83|0x0000000086700000, 0x0000000086700000, 0x0000000086800000|  0%| F|  |TAMS 0x0000000086700000, 0x0000000086700000| Untracked 
|  84|0x0000000086800000, 0x0000000086800000, 0x0000000086900000|  0%| F|  |TAMS 0x0000000086800000, 0x0000000086800000| Untracked 
|  85|0x0000000086900000, 0x0000000086900000, 0x0000000086a00000|  0%| F|  |TAMS 0x0000000086900000, 0x0000000086900000| Untracked 
|  86|0x0000000086a00000, 0x0000000086a00000, 0x0000000086b00000|  0%| F|  |TAMS 0x0000000086a00000, 0x0000000086a00000| Untracked 
|  87|0x0000000086b00000, 0x0000000086b00000, 0x0000000086c00000|  0%| F|  |TAMS 0x0000000086b00000, 0x0000000086b00000| Untracked 
|  88|0x0000000086c00000, 0x0000000086c00000, 0x0000000086d00000|  0%| F|  |TAMS 0x0000000086c00000, 0x0000000086c00000| Untracked 
|  89|0x0000000086d00000, 0x0000000086d00000, 0x0000000086e00000|  0%| F|  |TAMS 0x0000000086d00000, 0x0000000086d00000| Untracked 
|  90|0x0000000086e00000, 0x0000000086e00000, 0x0000000086f00000|  0%| F|  |TAMS 0x0000000086e00000, 0x0000000086e00000| Untracked 
|  91|0x0000000086f00000, 0x0000000086f00000, 0x0000000087000000|  0%| F|  |TAMS 0x0000000086f00000, 0x0000000086f00000| Untracked 
|  92|0x0000000087000000, 0x0000000087000000, 0x0000000087100000|  0%| F|  |TAMS 0x0000000087000000, 0x0000000087000000| Untracked 
|  93|0x0000000087100000, 0x0000000087100000, 0x0000000087200000|  0%| F|  |TAMS 0x0000000087100000, 0x0000000087100000| Untracked 
|  94|0x0000000087200000, 0x0000000087200000, 0x0000000087300000|  0%| F|  |TAMS 0x0000000087200000, 0x0000000087200000| Untracked 
|  95|0x0000000087300000, 0x0000000087300000, 0x0000000087400000|  0%| F|  |TAMS 0x0000000087300000, 0x0000000087300000| Untracked 
|  96|0x0000000087400000, 0x00000000874d4aa8, 0x0000000087500000| 83%| S|CS|TAMS 0x0000000087400000, 0x0000000087400000| Complete 
|  97|0x0000000087500000, 0x0000000087600000, 0x0000000087600000|100%| S|CS|TAMS 0x0000000087500000, 0x0000000087500000| Complete 
|  98|0x0000000087600000, 0x0000000087700000, 0x0000000087700000|100%| S|CS|TAMS 0x0000000087600000, 0x0000000087600000| Complete 
|  99|0x0000000087700000, 0x0000000087700000, 0x0000000087800000|  0%| F|  |TAMS 0x0000000087700000, 0x0000000087700000| Untracked 
| 100|0x0000000087800000, 0x0000000087800000, 0x0000000087900000|  0%| F|  |TAMS 0x0000000087800000, 0x0000000087800000| Untracked 
| 101|0x0000000087900000, 0x0000000087900000, 0x0000000087a00000|  0%| F|  |TAMS 0x0000000087900000, 0x0000000087900000| Untracked 
| 102|0x0000000087a00000, 0x0000000087a00000, 0x0000000087b00000|  0%| F|  |TAMS 0x0000000087a00000, 0x0000000087a00000| Untracked 
| 103|0x0000000087b00000, 0x0000000087b00000, 0x0000000087c00000|  0%| F|  |TAMS 0x0000000087b00000, 0x0000000087b00000| Untracked 
| 104|0x0000000087c00000, 0x0000000087c00000, 0x0000000087d00000|  0%| F|  |TAMS 0x0000000087c00000, 0x0000000087c00000| Untracked 
| 105|0x0000000087d00000, 0x0000000087d00000, 0x0000000087e00000|  0%| F|  |TAMS 0x0000000087d00000, 0x0000000087d00000| Untracked 
| 106|0x0000000087e00000, 0x0000000087e00000, 0x0000000087f00000|  0%| F|  |TAMS 0x0000000087e00000, 0x0000000087e00000| Untracked 
| 107|0x0000000087f00000, 0x0000000087f00000, 0x0000000088000000|  0%| F|  |TAMS 0x0000000087f00000, 0x0000000087f00000| Untracked 
| 108|0x0000000088000000, 0x0000000088000000, 0x0000000088100000|  0%| F|  |TAMS 0x0000000088000000, 0x0000000088000000| Untracked 
| 109|0x0000000088100000, 0x0000000088100000, 0x0000000088200000|  0%| F|  |TAMS 0x0000000088100000, 0x0000000088100000| Untracked 
| 110|0x0000000088200000, 0x0000000088200000, 0x0000000088300000|  0%| F|  |TAMS 0x0000000088200000, 0x0000000088200000| Untracked 
| 111|0x0000000088300000, 0x0000000088300000, 0x0000000088400000|  0%| F|  |TAMS 0x0000000088300000, 0x0000000088300000| Untracked 
| 112|0x0000000088400000, 0x0000000088400000, 0x0000000088500000|  0%| F|  |TAMS 0x0000000088400000, 0x0000000088400000| Untracked 
| 113|0x0000000088500000, 0x0000000088500000, 0x0000000088600000|  0%| F|  |TAMS 0x0000000088500000, 0x0000000088500000| Untracked 
| 114|0x0000000088600000, 0x0000000088600000, 0x0000000088700000|  0%| F|  |TAMS 0x0000000088600000, 0x0000000088600000| Untracked 
| 115|0x0000000088700000, 0x0000000088700000, 0x0000000088800000|  0%| F|  |TAMS 0x0000000088700000, 0x0000000088700000| Untracked 
| 116|0x0000000088800000, 0x0000000088800000, 0x0000000088900000|  0%| F|  |TAMS 0x0000000088800000, 0x0000000088800000| Untracked 
| 117|0x0000000088900000, 0x0000000088900000, 0x0000000088a00000|  0%| F|  |TAMS 0x0000000088900000, 0x0000000088900000| Untracked 
| 118|0x0000000088a00000, 0x0000000088a00000, 0x0000000088b00000|  0%| F|  |TAMS 0x0000000088a00000, 0x0000000088a00000| Untracked 
| 119|0x0000000088b00000, 0x0000000088b00000, 0x0000000088c00000|  0%| F|  |TAMS 0x0000000088b00000, 0x0000000088b00000| Untracked 
| 120|0x0000000088c00000, 0x0000000088c80800, 0x0000000088d00000| 50%| E|  |TAMS 0x0000000088c00000, 0x0000000088c00000| Complete 
| 121|0x0000000088d00000, 0x0000000088e00000, 0x0000000088e00000|100%| E|CS|TAMS 0x0000000088d00000, 0x0000000088d00000| Complete 
| 122|0x0000000088e00000, 0x0000000088f00000, 0x0000000088f00000|100%| E|CS|TAMS 0x0000000088e00000, 0x0000000088e00000| Complete 
| 123|0x0000000088f00000, 0x0000000089000000, 0x0000000089000000|100%| E|CS|TAMS 0x0000000088f00000, 0x0000000088f00000| Complete 
| 124|0x0000000089000000, 0x0000000089100000, 0x0000000089100000|100%| E|CS|TAMS 0x0000000089000000, 0x0000000089000000| Complete 
| 125|0x0000000089100000, 0x0000000089200000, 0x0000000089200000|100%| E|CS|TAMS 0x0000000089100000, 0x0000000089100000| Complete 
| 126|0x0000000089200000, 0x0000000089300000, 0x0000000089300000|100%| E|CS|TAMS 0x0000000089200000, 0x0000000089200000| Complete 
| 127|0x0000000089300000, 0x0000000089400000, 0x0000000089400000|100%| E|CS|TAMS 0x0000000089300000, 0x0000000089300000| Complete 
| 128|0x0000000089400000, 0x0000000089500000, 0x0000000089500000|100%| E|CS|TAMS 0x0000000089400000, 0x0000000089400000| Complete 
| 129|0x0000000089500000, 0x0000000089600000, 0x0000000089600000|100%| E|CS|TAMS 0x0000000089500000, 0x0000000089500000| Complete 
| 130|0x0000000089600000, 0x0000000089700000, 0x0000000089700000|100%| E|CS|TAMS 0x0000000089600000, 0x0000000089600000| Complete 
| 131|0x0000000089700000, 0x0000000089800000, 0x0000000089800000|100%| E|CS|TAMS 0x0000000089700000, 0x0000000089700000| Complete 
| 132|0x0000000089800000, 0x0000000089900000, 0x0000000089900000|100%| E|CS|TAMS 0x0000000089800000, 0x0000000089800000| Complete 
| 133|0x0000000089900000, 0x0000000089a00000, 0x0000000089a00000|100%| E|CS|TAMS 0x0000000089900000, 0x0000000089900000| Complete 
| 134|0x0000000089a00000, 0x0000000089b00000, 0x0000000089b00000|100%| E|CS|TAMS 0x0000000089a00000, 0x0000000089a00000| Complete 
| 135|0x0000000089b00000, 0x0000000089c00000, 0x0000000089c00000|100%| E|  |TAMS 0x0000000089b00000, 0x0000000089b00000| Complete 
| 136|0x0000000089c00000, 0x0000000089d00000, 0x0000000089d00000|100%| E|CS|TAMS 0x0000000089c00000, 0x0000000089c00000| Complete 
| 137|0x0000000089d00000, 0x0000000089e00000, 0x0000000089e00000|100%| E|CS|TAMS 0x0000000089d00000, 0x0000000089d00000| Complete 
| 138|0x0000000089e00000, 0x0000000089f00000, 0x0000000089f00000|100%| E|CS|TAMS 0x0000000089e00000, 0x0000000089e00000| Complete 
| 139|0x0000000089f00000, 0x000000008a000000, 0x000000008a000000|100%| E|CS|TAMS 0x0000000089f00000, 0x0000000089f00000| Complete 
| 140|0x000000008a000000, 0x000000008a100000, 0x000000008a100000|100%| E|CS|TAMS 0x000000008a000000, 0x000000008a000000| Complete 
| 141|0x000000008a100000, 0x000000008a200000, 0x000000008a200000|100%| E|CS|TAMS 0x000000008a100000, 0x000000008a100000| Complete 
| 142|0x000000008a200000, 0x000000008a300000, 0x000000008a300000|100%| E|CS|TAMS 0x000000008a200000, 0x000000008a200000| Complete 
| 143|0x000000008a300000, 0x000000008a400000, 0x000000008a400000|100%| E|CS|TAMS 0x000000008a300000, 0x000000008a300000| Complete 
| 144|0x000000008a400000, 0x000000008a500000, 0x000000008a500000|100%| E|CS|TAMS 0x000000008a400000, 0x000000008a400000| Complete 
| 145|0x000000008a500000, 0x000000008a600000, 0x000000008a600000|100%| E|CS|TAMS 0x000000008a500000, 0x000000008a500000| Complete 
| 146|0x000000008a600000, 0x000000008a700000, 0x000000008a700000|100%| E|CS|TAMS 0x000000008a600000, 0x000000008a600000| Complete 
| 147|0x000000008a700000, 0x000000008a800000, 0x000000008a800000|100%| E|CS|TAMS 0x000000008a700000, 0x000000008a700000| Complete 
| 148|0x000000008a800000, 0x000000008a900000, 0x000000008a900000|100%| E|CS|TAMS 0x000000008a800000, 0x000000008a800000| Complete 
| 149|0x000000008a900000, 0x000000008aa00000, 0x000000008aa00000|100%| E|CS|TAMS 0x000000008a900000, 0x000000008a900000| Complete 
| 150|0x000000008aa00000, 0x000000008ab00000, 0x000000008ab00000|100%| E|CS|TAMS 0x000000008aa00000, 0x000000008aa00000| Complete 
| 151|0x000000008ab00000, 0x000000008ac00000, 0x000000008ac00000|100%| E|CS|TAMS 0x000000008ab00000, 0x000000008ab00000| Complete 
| 152|0x000000008ac00000, 0x000000008ad00000, 0x000000008ad00000|100%| E|CS|TAMS 0x000000008ac00000, 0x000000008ac00000| Complete 
| 153|0x000000008ad00000, 0x000000008ae00000, 0x000000008ae00000|100%| E|CS|TAMS 0x000000008ad00000, 0x000000008ad00000| Complete 
| 154|0x000000008ae00000, 0x000000008af00000, 0x000000008af00000|100%| E|CS|TAMS 0x000000008ae00000, 0x000000008ae00000| Complete 
| 155|0x000000008af00000, 0x000000008b000000, 0x000000008b000000|100%| E|CS|TAMS 0x000000008af00000, 0x000000008af00000| Complete 
| 156|0x000000008b000000, 0x000000008b100000, 0x000000008b100000|100%| E|CS|TAMS 0x000000008b000000, 0x000000008b000000| Complete 

Card table byte_map: [0x000002482d290000,0x000002482d690000] _byte_map_base: 0x000002482ce86000

Marking Bits (Prev, Next): (CMBitMap*) 0x00000248139bad00, (CMBitMap*) 0x00000248139bacc8
 Prev Bits: [0x000002482fa40000, 0x00000248319f0000)
 Next Bits: [0x000002482da90000, 0x000002482fa40000)

Polling page: 0x000002481d840000

Metaspace:

Usage:
  Non-class:     69.92 MB capacity,    68.87 MB ( 99%) used,   864.90 KB (  1%) free+waste,   208.56 KB ( <1%) overhead. 
      Class:      9.98 MB capacity,     9.27 MB ( 93%) used,   639.21 KB (  6%) free+waste,    93.31 KB ( <1%) overhead. 
       Both:     79.90 MB capacity,    78.14 MB ( 98%) used,     1.47 MB (  2%) free+waste,   301.88 KB ( <1%) overhead. 

Virtual space:
  Non-class space:       70.00 MB reserved,      70.00 MB (100%) committed 
      Class space:        1.00 GB reserved,      10.00 MB ( <1%) committed 
             Both:        1.07 GB reserved,      80.00 MB (  7%) committed 

Chunk freelists:
   Non-Class:  20.00 KB
       Class:  16.00 KB
        Both:  36.00 KB

MaxMetaspaceSize: 17179869184.00 GB
CompressedClassSpaceSize: 1.00 GB

CodeHeap 'non-profiled nmethods': size=120064Kb used=7866Kb max_used=7866Kb free=112197Kb
 bounds [0x0000024825320000, 0x0000024825ad0000, 0x000002482c860000]
CodeHeap 'profiled nmethods': size=120000Kb used=25121Kb max_used=25121Kb free=94878Kb
 bounds [0x000002481ddf0000, 0x000002481f680000, 0x0000024825320000]
CodeHeap 'non-nmethods': size=5696Kb used=1227Kb max_used=1286Kb free=4468Kb
 bounds [0x000002481d860000, 0x000002481dad0000, 0x000002481ddf0000]
 total_blobs=10708 nmethods=10101 adapters=518
 compilation: enabled
              stopped_count=0, restarted_count=0
 full_count=0

Compilation events (20 events):
Event: 62.898 Thread 0x000002483408f800 10225       2       org.h2.command.Parser::equalsToken (43 bytes)
Event: 62.898 Thread 0x000002483408f800 nmethod 10225 0x000002481f66aa90 code [0x000002481f66ac60, 0x000002481f66ae38]
Event: 62.899 Thread 0x000002483408f800 10226       2       org.h2.command.Parser::readIf (32 bytes)
Event: 62.899 Thread 0x000002483408f800 nmethod 10226 0x000002481f66af10 code [0x000002481f66b0e0, 0x000002481f66b2a8]
Event: 62.900 Thread 0x000002483408f800 10227       2       java.util.concurrent.ConcurrentHashMap::remove (8 bytes)
Event: 62.900 Thread 0x000002483408f800 nmethod 10227 0x000002481e4e7610 code [0x000002481e4e77c0, 0x000002481e4e78e8]
Event: 62.901 Thread 0x000002483408f800 10228       1       org.h2.engine.Session::getDatabase (5 bytes)
Event: 62.901 Thread 0x000002483408f800 nmethod 10228 0x0000024825ac0b10 code [0x0000024825ac0cc0, 0x0000024825ac0d78]
Event: 62.902 Thread 0x000002483408f800 10229       2       org.h2.command.Parser::readIf (21 bytes)
Event: 62.902 Thread 0x000002483408f800 nmethod 10229 0x000002481f66b390 code [0x000002481f66b560, 0x000002481f66b6f8]
Event: 62.902 Thread 0x000002483408f800 10230       2       jdk.internal.loader.ClassLoaders::bootLoader (4 bytes)
Event: 62.902 Thread 0x000002483408f800 nmethod 10230 0x000002481f66b810 code [0x000002481f66b9c0, 0x000002481f66ba98]
Event: 62.903 Thread 0x000002483408f800 10231       2       java.util.Properties::containsKey (9 bytes)
Event: 62.903 Thread 0x000002483408f800 nmethod 10231 0x000002481f66bb10 code [0x000002481f66bcc0, 0x000002481f66bde8]
Event: 62.904 Thread 0x000002483408f800 10234       2       jdk.internal.loader.BuiltinClassLoader$1::hasNext (93 bytes)
Event: 62.905 Thread 0x000002483408f800 nmethod 10234 0x000002481f66be90 code [0x000002481f66c0a0, 0x000002481f66c448]
Event: 62.905 Thread 0x000002483408f800 10235       2       jdk.internal.misc.Unsafe::getAndAddLong (27 bytes)
Event: 62.905 Thread 0x000002483408f800 nmethod 10235 0x000002481f66c590 code [0x000002481f66c740, 0x000002481f66c8f8]
Event: 62.905 Thread 0x000002483408f800 10237       2       jdk.internal.misc.Unsafe::weakCompareAndSetLong (11 bytes)
Event: 62.905 Thread 0x000002483408f800 nmethod 10237 0x000002481f66ca10 code [0x000002481f66cbc0, 0x000002481f66ccd8]

GC Heap History (20 events):
Event: 29.754 GC heap before
{Heap before GC invocations=15 (full 0):
 garbage-first heap   total 160768K, used 56998K [0x0000000081400000, 0x0000000100000000)
  region size 1024K, 7 young (7168K), 5 survivors (5120K)
 Metaspace       used 52616K, capacity 53839K, committed 54016K, reserved 1097728K
  class space    used 6051K, capacity 6556K, committed 6656K, reserved 1048576K
}
Event: 29.762 GC heap after
{Heap after GC invocations=16 (full 0):
 garbage-first heap   total 160768K, used 50526K [0x0000000081400000, 0x0000000100000000)
  region size 1024K, 1 young (1024K), 1 survivors (1024K)
 Metaspace       used 52616K, capacity 53839K, committed 54016K, reserved 1097728K
  class space    used 6051K, capacity 6556K, committed 6656K, reserved 1048576K
}
Event: 38.550 GC heap before
{Heap before GC invocations=16 (full 0):
 garbage-first heap   total 160768K, used 115038K [0x0000000081400000, 0x0000000100000000)
  region size 1024K, 65 young (66560K), 1 survivors (1024K)
 Metaspace       used 55660K, capacity 56983K, committed 57216K, reserved 1099776K
  class space    used 6428K, capacity 6960K, committed 7040K, reserved 1048576K
}
Event: 38.556 GC heap after
{Heap after GC invocations=17 (full 0):
 garbage-first heap   total 160768K, used 51741K [0x0000000081400000, 0x0000000100000000)
  region size 1024K, 2 young (2048K), 2 survivors (2048K)
 Metaspace       used 55660K, capacity 56983K, committed 57216K, reserved 1099776K
  class space    used 6428K, capacity 6960K, committed 7040K, reserved 1048576K
}
Event: 40.161 GC heap before
{Heap before GC invocations=17 (full 0):
 garbage-first heap   total 160768K, used 119325K [0x0000000081400000, 0x0000000100000000)
  region size 1024K, 68 young (69632K), 2 survivors (2048K)
 Metaspace       used 57366K, capacity 58727K, committed 59008K, reserved 1101824K
  class space    used 6616K, capacity 7188K, committed 7296K, reserved 1048576K
}
Event: 40.171 GC heap after
{Heap after GC invocations=18 (full 0):
 garbage-first heap   total 160768K, used 55290K [0x0000000081400000, 0x0000000100000000)
  region size 1024K, 6 young (6144K), 6 survivors (6144K)
 Metaspace       used 57366K, capacity 58727K, committed 59008K, reserved 1101824K
  class space    used 6616K, capacity 7188K, committed 7296K, reserved 1048576K
}
Event: 42.492 GC heap before
{Heap before GC invocations=18 (full 0):
 garbage-first heap   total 160768K, used 121850K [0x0000000081400000, 0x0000000100000000)
  region size 1024K, 71 young (72704K), 6 survivors (6144K)
 Metaspace       used 61751K, capacity 63213K, committed 63360K, reserved 1103872K
  class space    used 7344K, capacity 7948K, committed 8064K, reserved 1048576K
}
Event: 42.504 GC heap after
{Heap after GC invocations=19 (full 0):
 garbage-first heap   total 160768K, used 57831K [0x0000000081400000, 0x0000000100000000)
  region size 1024K, 7 young (7168K), 7 survivors (7168K)
 Metaspace       used 61751K, capacity 63213K, committed 63360K, reserved 1103872K
  class space    used 7344K, capacity 7948K, committed 8064K, reserved 1048576K
}
Event: 46.197 GC heap before
{Heap before GC invocations=19 (full 0):
 garbage-first heap   total 160768K, used 124391K [0x0000000081400000, 0x0000000100000000)
  region size 1024K, 72 young (73728K), 7 survivors (7168K)
 Metaspace       used 66546K, capacity 68068K, committed 68224K, reserved 1110016K
  class space    used 7944K, capacity 8550K, committed 8576K, reserved 1048576K
}
Event: 46.213 GC heap after
{Heap after GC invocations=20 (full 0):
 garbage-first heap   total 160768K, used 61706K [0x0000000081400000, 0x0000000100000000)
  region size 1024K, 7 young (7168K), 7 survivors (7168K)
 Metaspace       used 66546K, capacity 68068K, committed 68224K, reserved 1110016K
  class space    used 7944K, capacity 8550K, committed 8576K, reserved 1048576K
}
Event: 54.505 GC heap before
{Heap before GC invocations=20 (full 0):
 garbage-first heap   total 160768K, used 127242K [0x0000000081400000, 0x0000000100000000)
  region size 1024K, 71 young (72704K), 7 survivors (7168K)
 Metaspace       used 70876K, capacity 72548K, committed 72704K, reserved 1112064K
  class space    used 8436K, capacity 9102K, committed 9216K, reserved 1048576K
}
Event: 54.522 GC heap after
{Heap after GC invocations=21 (full 0):
 garbage-first heap   total 160768K, used 65880K [0x0000000081400000, 0x0000000100000000)
  region size 1024K, 8 young (8192K), 8 survivors (8192K)
 Metaspace       used 70876K, capacity 72548K, committed 72704K, reserved 1112064K
  class space    used 8436K, capacity 9102K, committed 9216K, reserved 1048576K
}
Event: 55.999 GC heap before
{Heap before GC invocations=21 (full 0):
 garbage-first heap   total 160768K, used 98648K [0x0000000081400000, 0x0000000100000000)
  region size 1024K, 41 young (41984K), 8 survivors (8192K)
 Metaspace       used 71802K, capacity 73485K, committed 73600K, reserved 1114112K
  class space    used 8561K, capacity 9229K, committed 9344K, reserved 1048576K
}
Event: 56.024 GC heap after
{Heap after GC invocations=22 (full 0):
 garbage-first heap   total 160768K, used 67331K [0x0000000081400000, 0x0000000100000000)
  region size 1024K, 6 young (6144K), 6 survivors (6144K)
 Metaspace       used 71802K, capacity 73485K, committed 73600K, reserved 1114112K
  class space    used 8561K, capacity 9229K, committed 9344K, reserved 1048576K
}
Event: 58.492 GC heap before
{Heap before GC invocations=23 (full 0):
 garbage-first heap   total 160768K, used 125699K [0x0000000081400000, 0x0000000100000000)
  region size 1024K, 63 young (64512K), 6 survivors (6144K)
 Metaspace       used 73387K, capacity 75172K, committed 75392K, reserved 1116160K
  class space    used 8781K, capacity 9483K, committed 9600K, reserved 1048576K
}
Event: 58.507 GC heap after
{Heap after GC invocations=24 (full 0):
 garbage-first heap   total 160768K, used 70367K [0x0000000081400000, 0x0000000100000000)
  region size 1024K, 5 young (5120K), 5 survivors (5120K)
 Metaspace       used 73387K, capacity 75172K, committed 75392K, reserved 1116160K
  class space    used 8781K, capacity 9483K, committed 9600K, reserved 1048576K
}
Event: 58.588 GC heap before
{Heap before GC invocations=24 (full 0):
 garbage-first heap   total 160768K, used 72415K [0x0000000081400000, 0x0000000100000000)
  region size 1024K, 7 young (7168K), 5 survivors (5120K)
 Metaspace       used 73421K, capacity 75175K, committed 75392K, reserved 1116160K
  class space    used 8782K, capacity 9483K, committed 9600K, reserved 1048576K
}
Event: 58.601 GC heap after
{Heap after GC invocations=25 (full 0):
 garbage-first heap   total 160768K, used 69596K [0x0000000081400000, 0x0000000100000000)
  region size 1024K, 1 young (1024K), 1 survivors (1024K)
 Metaspace       used 73421K, capacity 75175K, committed 75392K, reserved 1116160K
  class space    used 8782K, capacity 9483K, committed 9600K, reserved 1048576K
}
Event: 60.763 GC heap before
{Heap before GC invocations=25 (full 0):
 garbage-first heap   total 160768K, used 127964K [0x0000000081400000, 0x0000000100000000)
  region size 1024K, 58 young (59392K), 1 survivors (1024K)
 Metaspace       used 74942K, capacity 76715K, committed 76800K, reserved 1116160K
  class space    used 8979K, capacity 9697K, committed 9728K, reserved 1048576K
}
Event: 60.773 GC heap after
{Heap after GC invocations=26 (full 0):
 garbage-first heap   total 160768K, used 71854K [0x0000000081400000, 0x0000000100000000)
  region size 1024K, 3 young (3072K), 3 survivors (3072K)
 Metaspace       used 74942K, capacity 76715K, committed 76800K, reserved 1116160K
  class space    used 8979K, capacity 9697K, committed 9728K, reserved 1048576K
}

Deoptimization events (20 events):
Event: 62.369 Thread 0x0000024838002800 Uncommon trap: trap_request=0xffffff4d fr.pc=0x00000248256f6ac4 relative=0x0000000000000aa4
Event: 62.369 Thread 0x0000024838002800 Uncommon trap: reason=unstable_if action=reinterpret pc=0x00000248256f6ac4 method=java.lang.String.regionMatches(ZILjava/lang/String;II)Z @ 1 c2
Event: 62.369 Thread 0x0000024838002800 DEOPT PACKING pc=0x00000248256f6ac4 sp=0x00000099efbf9d20
Event: 62.369 Thread 0x0000024838002800 DEOPT UNPACKING pc=0x000002481d88662f sp=0x00000099efbf9ce0 mode 2
Event: 62.391 Thread 0x0000024838002800 Uncommon trap: trap_request=0xffffff4d fr.pc=0x00000248258c4e24 relative=0x0000000000000084
Event: 62.391 Thread 0x0000024838002800 Uncommon trap: reason=unstable_if action=reinterpret pc=0x00000248258c4e24 method=java.util.concurrent.locks.AbstractQueuedSynchronizer.release(I)Z @ 21 c2
Event: 62.391 Thread 0x0000024838002800 DEOPT PACKING pc=0x00000248258c4e24 sp=0x00000099efbfa250
Event: 62.391 Thread 0x0000024838002800 DEOPT UNPACKING pc=0x000002481d88662f sp=0x00000099efbfa1e8 mode 2
Event: 62.942 Thread 0x0000024838002800 Uncommon trap: trap_request=0xffffff4d fr.pc=0x00000248257b0ea8 relative=0x0000000000000948
Event: 62.942 Thread 0x0000024838002800 Uncommon trap: reason=unstable_if action=reinterpret pc=0x00000248257b0ea8 method=java.util.zip.ZipFile$Source.getEntryPos([BZ)I @ 145 c2
Event: 62.942 Thread 0x0000024838002800 DEOPT PACKING pc=0x00000248257b0ea8 sp=0x00000099efbfd130
Event: 62.942 Thread 0x0000024838002800 DEOPT UNPACKING pc=0x000002481d88662f sp=0x00000099efbfd0d8 mode 2
Event: 62.942 Thread 0x0000024838002800 Uncommon trap: trap_request=0xffffff4d fr.pc=0x000002482580d04c relative=0x00000000000024ec
Event: 62.942 Thread 0x0000024838002800 Uncommon trap: reason=unstable_if action=reinterpret pc=0x000002482580d04c method=java.net.URL.<init>(Ljava/net/URL;Ljava/lang/String;Ljava/net/URLStreamHandler;)V @ 57 c2
Event: 62.942 Thread 0x0000024838002800 DEOPT PACKING pc=0x000002482580d04c sp=0x00000099efbfb820
Event: 62.942 Thread 0x0000024838002800 DEOPT UNPACKING pc=0x000002481d88662f sp=0x00000099efbfb7f0 mode 2
Event: 62.942 Thread 0x0000024838002800 Uncommon trap: trap_request=0xffffff4d fr.pc=0x0000024825986b00 relative=0x0000000000006880
Event: 62.942 Thread 0x0000024838002800 Uncommon trap: reason=unstable_if action=reinterpret pc=0x0000024825986b00 method=java.net.URLStreamHandler.parseURL(Ljava/net/URL;Ljava/lang/String;II)V @ 57 c2
Event: 62.942 Thread 0x0000024838002800 DEOPT PACKING pc=0x0000024825986b00 sp=0x00000099efbfb6b0
Event: 62.942 Thread 0x0000024838002800 DEOPT UNPACKING pc=0x000002481d88662f sp=0x00000099efbfb680 mode 2

Classes redefined (0 events):
No events

Internal exceptions (20 events):
Event: 62.551 Thread 0x0000024838002800 Exception <a 'java/lang/ClassNotFoundException'{0x000000008923ddc0}: java/lang/ObjectCustomizer> (0x000000008923ddc0) thrown at [./src/hotspot/share/classfile/systemDictionary.cpp, line 231]
Event: 62.562 Thread 0x0000024838002800 Exception <a 'java/lang/ClassNotFoundException'{0x0000000089253858}: org/springframework/boot/orm/jpa/EntityManagerFactoryBuilderCustomizer> (0x0000000089253858) thrown at [./src/hotspot/share/classfile/systemDictionary.cpp, line 231]
Event: 62.810 Thread 0x0000024838002800 Exception <a 'java/lang/ClassNotFoundException'{0x00000000891969e0}: java/lang/ObjectCustomizer> (0x00000000891969e0) thrown at [./src/hotspot/share/classfile/systemDictionary.cpp, line 231]
Event: 62.813 Thread 0x0000024838002800 Exception <a 'java/lang/ClassNotFoundException'{0x00000000891ac478}: org/springframework/orm/jpa/AbstractEntityManagerFactoryBeanCustomizer> (0x00000000891ac478) thrown at [./src/hotspot/share/classfile/systemDictionary.cpp, line 231]
Event: 62.816 Thread 0x0000024838002800 Exception <a 'java/lang/ClassNotFoundException'{0x00000000891dea48}: org/springframework/orm/jpa/LocalContainerEntityManagerFactoryBeanCustomizer> (0x00000000891dea48) thrown at [./src/hotspot/share/classfile/systemDictionary.cpp, line 231]
Event: 62.820 Thread 0x0000024838002800 Exception <a 'java/lang/ClassNotFoundException'{0x000000008902d810}: org/springframework/context/ResourceLoaderAwareCustomizer> (0x000000008902d810) thrown at [./src/hotspot/share/classfile/systemDictionary.cpp, line 231]
Event: 62.821 Thread 0x0000024838002800 Exception <a 'java/lang/ClassNotFoundException'{0x000000008903d750}: org/springframework/beans/factory/AwareCustomizer> (0x000000008903d750) thrown at [./src/hotspot/share/classfile/systemDictionary.cpp, line 231]
Event: 62.822 Thread 0x0000024838002800 Exception <a 'java/lang/ClassNotFoundException'{0x000000008904ee50}: org/springframework/context/weaving/LoadTimeWeaverAwareCustomizer> (0x000000008904ee50) thrown at [./src/hotspot/share/classfile/systemDictionary.cpp, line 231]
Event: 62.824 Thread 0x0000024838002800 Exception <a 'java/lang/ClassNotFoundException'{0x000000008905ee48}: org/springframework/beans/factory/AwareCustomizer> (0x000000008905ee48) thrown at [./src/hotspot/share/classfile/systemDictionary.cpp, line 231]
Event: 62.826 Thread 0x0000024838002800 Exception <a 'java/lang/ClassNotFoundException'{0x000000008906f2f0}: org/springframework/beans/factory/FactoryBeanCustomizer> (0x000000008906f2f0) thrown at [./src/hotspot/share/classfile/systemDictionary.cpp, line 231]
Event: 62.828 Thread 0x0000024838002800 Exception <a 'java/lang/ClassNotFoundException'{0x0000000089083370}: org/springframework/beans/factory/BeanClassLoaderAwareCustomizer> (0x0000000089083370) thrown at [./src/hotspot/share/classfile/systemDictionary.cpp, line 231]
Event: 62.830 Thread 0x0000024838002800 Exception <a 'java/lang/ClassNotFoundException'{0x0000000089093308}: org/springframework/beans/factory/AwareCustomizer> (0x0000000089093308) thrown at [./src/hotspot/share/classfile/systemDictionary.cpp, line 231]
Event: 62.831 Thread 0x0000024838002800 Exception <a 'java/lang/ClassNotFoundException'{0x00000000890a4738}: org/springframework/beans/factory/BeanFactoryAwareCustomizer> (0x00000000890a4738) thrown at [./src/hotspot/share/classfile/systemDictionary.cpp, line 231]
Event: 62.833 Thread 0x0000024838002800 Exception <a 'java/lang/ClassNotFoundException'{0x00000000890b4bd0}: org/springframework/beans/factory/AwareCustomizer> (0x00000000890b4bd0) thrown at [./src/hotspot/share/classfile/systemDictionary.cpp, line 231]
Event: 62.835 Thread 0x0000024838002800 Exception <a 'java/lang/ClassNotFoundException'{0x00000000890c4ff0}: org/springframework/beans/factory/BeanNameAwareCustomizer> (0x00000000890c4ff0) thrown at [./src/hotspot/share/classfile/systemDictionary.cpp, line 231]
Event: 62.836 Thread 0x0000024838002800 Exception <a 'java/lang/ClassNotFoundException'{0x00000000890d4f10}: org/springframework/beans/factory/AwareCustomizer> (0x00000000890d4f10) thrown at [./src/hotspot/share/classfile/systemDictionary.cpp, line 231]
Event: 62.838 Thread 0x0000024838002800 Exception <a 'java/lang/ClassNotFoundException'{0x00000000890e6338}: org/springframework/beans/factory/InitializingBeanCustomizer> (0x00000000890e6338) thrown at [./src/hotspot/share/classfile/systemDictionary.cpp, line 231]
Event: 62.839 Thread 0x0000024838002800 Exception <a 'java/lang/ClassNotFoundException'{0x00000000890f7700}: org/springframework/beans/factory/DisposableBeanCustomizer> (0x00000000890f7700) thrown at [./src/hotspot/share/classfile/systemDictionary.cpp, line 231]
Event: 62.841 Thread 0x0000024838002800 Exception <a 'java/lang/ClassNotFoundException'{0x0000000088f09cb8}: org/springframework/orm/jpa/EntityManagerFactoryInfoCustomizer> (0x0000000088f09cb8) thrown at [./src/hotspot/share/classfile/systemDictionary.cpp, line 231]
Event: 62.869 Thread 0x0000024838002800 Exception <a 'java/lang/ClassNotFoundException'{0x0000000088f25e18}: org/springframework/dao/support/PersistenceExceptionTranslatorCustomizer> (0x0000000088f25e18) thrown at [./src/hotspot/share/classfile/systemDictionary.cpp, line 231]

Events (20 events):
Event: 62.872 Executing VM operation: RevokeBias
Event: 62.872 Executing VM operation: RevokeBias done
Event: 62.872 loading class org/springframework/instrument/classloading/InstrumentationLoadTimeWeaver
Event: 62.872 loading class org/springframework/instrument/classloading/InstrumentationLoadTimeWeaver done
Event: 62.892 Executing VM operation: RevokeBias
Event: 62.892 Executing VM operation: RevokeBias done
Event: 62.894 Executing VM operation: RevokeBias
Event: 62.895 Executing VM operation: RevokeBias done
Event: 62.895 loading class org/springframework/instrument/classloading/SimpleThrowawayClassLoader
Event: 62.895 loading class org/springframework/instrument/classloading/SimpleThrowawayClassLoader done
Event: 62.895 Executing VM operation: RevokeBias
Event: 62.896 Executing VM operation: RevokeBias done
Event: 62.896 loading class org/springframework/core/OverridingClassLoader
Event: 62.896 loading class org/springframework/core/OverridingClassLoader done
Event: 62.898 loading class org/springframework/instrument/InstrumentationSavingAgent
Event: 62.898 loading class org/springframework/instrument/InstrumentationSavingAgent done
Event: 62.899 loading class org/springframework/instrument$InstrumentationSavingAgent
Event: 62.899 loading class org/springframework/instrument$InstrumentationSavingAgent done
Event: 62.900 loading class org/springframework/orm/jpa/persistenceunit/PersistenceUnitReader
Event: 62.900 loading class org/springframework/orm/jpa/persistenceunit/PersistenceUnitReader done


Dynamic libraries:
0x00007ff777bf0000 - 0x00007ff777bfd000 	C:\Program Files\AdoptOpenJDK\jdk-11.0.11.9-hotspot\bin\java.exe
0x00007ffeb67f0000 - 0x00007ffeb69e5000 	C:\WINDOWS\SYSTEM32\ntdll.dll
0x00007ffeb66f0000 - 0x00007ffeb67ad000 	C:\WINDOWS\System32\KERNEL32.DLL
0x00007ffeb41c0000 - 0x00007ffeb4489000 	C:\WINDOWS\System32\KERNELBASE.dll
0x00007ffeb3fc0000 - 0x00007ffeb40c0000 	C:\WINDOWS\System32\ucrtbase.dll
0x00007ffe9d260000 - 0x00007ffe9d277000 	C:\Program Files\AdoptOpenJDK\jdk-11.0.11.9-hotspot\bin\jli.dll
0x00007ffe9c2c0000 - 0x00007ffe9c2d5000 	C:\Program Files\AdoptOpenJDK\jdk-11.0.11.9-hotspot\bin\VCRUNTIME140.dll
0x00007ffeb62d0000 - 0x00007ffeb6470000 	C:\WINDOWS\System32\USER32.dll
0x00007ffeb4490000 - 0x00007ffeb44b2000 	C:\WINDOWS\System32\win32u.dll
0x00007ffeb4a30000 - 0x00007ffeb4a5a000 	C:\WINDOWS\System32\GDI32.dll
0x00007ffeb4650000 - 0x00007ffeb475b000 	C:\WINDOWS\System32\gdi32full.dll
0x00007ffeb40c0000 - 0x00007ffeb415d000 	C:\WINDOWS\System32\msvcp_win.dll
0x00007ffea46d0000 - 0x00007ffea496a000 	C:\WINDOWS\WinSxS\amd64_microsoft.windows.common-controls_6595b64144ccf1df_6.0.19041.1110_none_60b5254171f9507e\COMCTL32.dll
0x00007ffeb6180000 - 0x00007ffeb621e000 	C:\WINDOWS\System32\msvcrt.dll
0x00007ffeb4f00000 - 0x00007ffeb4f30000 	C:\WINDOWS\System32\IMM32.DLL
0x00007ffe7f060000 - 0x00007ffe7f0fb000 	C:\Program Files\AdoptOpenJDK\jdk-11.0.11.9-hotspot\bin\msvcp140.dll
0x00007ffe2fb20000 - 0x00007ffe3066b000 	C:\Program Files\AdoptOpenJDK\jdk-11.0.11.9-hotspot\bin\server\jvm.dll
0x00007ffeb4a60000 - 0x00007ffeb4b0c000 	C:\WINDOWS\System32\ADVAPI32.dll
0x00007ffeb6220000 - 0x00007ffeb62bb000 	C:\WINDOWS\System32\sechost.dll
0x00007ffeb5ff0000 - 0x00007ffeb611a000 	C:\WINDOWS\System32\RPCRT4.dll
0x00007ffeb62c0000 - 0x00007ffeb62c8000 	C:\WINDOWS\System32\PSAPI.DLL
0x00007ffea5fc0000 - 0x00007ffea5fe7000 	C:\WINDOWS\SYSTEM32\WINMM.dll
0x00007ffea71e0000 - 0x00007ffea71ea000 	C:\WINDOWS\SYSTEM32\VERSION.dll
0x00007ffeb0fa0000 - 0x00007ffeb0fa9000 	C:\WINDOWS\SYSTEM32\WSOCK32.dll
0x00007ffeb6680000 - 0x00007ffeb66eb000 	C:\WINDOWS\System32\WS2_32.dll
0x00007ffeb2800000 - 0x00007ffeb2812000 	C:\WINDOWS\SYSTEM32\kernel.appcore.dll
0x00007ffea64a0000 - 0x00007ffea64b0000 	C:\Program Files\AdoptOpenJDK\jdk-11.0.11.9-hotspot\bin\verify.dll
0x00007ffeb2310000 - 0x00007ffeb24f4000 	C:\WINDOWS\SYSTEM32\DBGHELP.DLL
0x00007ffeab4e0000 - 0x00007ffeab50c000 	C:\WINDOWS\SYSTEM32\dbgcore.DLL
0x00007ffeb3f30000 - 0x00007ffeb3fb3000 	C:\WINDOWS\System32\bcryptPrimitives.dll
0x00007ffe92080000 - 0x00007ffe920a8000 	C:\Program Files\AdoptOpenJDK\jdk-11.0.11.9-hotspot\bin\java.dll
0x00007ffea6450000 - 0x00007ffea645a000 	C:\Program Files\AdoptOpenJDK\jdk-11.0.11.9-hotspot\bin\jimage.dll
0x00007ffe9c2a0000 - 0x00007ffe9c2b7000 	C:\Program Files\AdoptOpenJDK\jdk-11.0.11.9-hotspot\bin\zip.dll
0x00007ffeb50e0000 - 0x00007ffeb581f000 	C:\WINDOWS\System32\SHELL32.dll
0x00007ffeb1210000 - 0x00007ffeb19a1000 	C:\WINDOWS\SYSTEM32\windows.storage.dll
0x00007ffeb5820000 - 0x00007ffeb5b75000 	C:\WINDOWS\System32\combase.dll
0x00007ffeb3930000 - 0x00007ffeb395c000 	C:\WINDOWS\SYSTEM32\Wldp.dll
0x00007ffeb4d30000 - 0x00007ffeb4dde000 	C:\WINDOWS\System32\SHCORE.dll
0x00007ffeb5020000 - 0x00007ffeb5075000 	C:\WINDOWS\System32\shlwapi.dll
0x00007ffeb3e70000 - 0x00007ffeb3e8f000 	C:\WINDOWS\SYSTEM32\profapi.dll
0x00007ffe96430000 - 0x00007ffe96449000 	C:\Program Files\AdoptOpenJDK\jdk-11.0.11.9-hotspot\bin\net.dll
0x00007ffea98f0000 - 0x00007ffea99fa000 	C:\WINDOWS\SYSTEM32\WINHTTP.dll
0x00007ffeb3630000 - 0x00007ffeb369a000 	C:\WINDOWS\system32\mswsock.dll
0x00007ffe93af0000 - 0x00007ffe93b02000 	C:\Program Files\AdoptOpenJDK\jdk-11.0.11.9-hotspot\bin\nio.dll
0x00007ffead2f0000 - 0x00007ffead2fa000 	C:\apache-maven-3.8.1\lib\jansi-native\windows64\jansi.dll
0x00007ffeb3320000 - 0x00007ffeb335b000 	C:\WINDOWS\SYSTEM32\IPHLPAPI.DLL
0x00007ffeb6540000 - 0x00007ffeb6548000 	C:\WINDOWS\System32\NSI.dll
0x00007ffeab460000 - 0x00007ffeab477000 	C:\WINDOWS\SYSTEM32\dhcpcsvc6.DLL
0x00007ffeab420000 - 0x00007ffeab43d000 	C:\WINDOWS\SYSTEM32\dhcpcsvc.DLL
0x00007ffeb3360000 - 0x00007ffeb342c000 	C:\WINDOWS\SYSTEM32\DNSAPI.dll
0x00007ffea6260000 - 0x00007ffea6269000 	C:\Program Files\AdoptOpenJDK\jdk-11.0.11.9-hotspot\bin\management.dll
0x00007ffea45b0000 - 0x00007ffea45bb000 	C:\Program Files\AdoptOpenJDK\jdk-11.0.11.9-hotspot\bin\management_ext.dll
0x00007ffea92b0000 - 0x00007ffea92ba000 	C:\Windows\System32\rasadhlp.dll
0x00007ffea9340000 - 0x00007ffea93bf000 	C:\WINDOWS\System32\fwpuclnt.dll
0x00007ffeb4620000 - 0x00007ffeb4647000 	C:\WINDOWS\System32\bcrypt.dll
0x00007ffe8f4b0000 - 0x00007ffe8f4c7000 	C:\WINDOWS\system32\napinsp.dll
0x00007ffe86a60000 - 0x00007ffe86a7b000 	C:\WINDOWS\system32\pnrpnsp.dll
0x00007ffeae110000 - 0x00007ffeae125000 	C:\WINDOWS\system32\wshbth.dll
0x00007ffeaca10000 - 0x00007ffeaca2d000 	C:\WINDOWS\system32\NLAapi.dll
0x00007ffe8f4d0000 - 0x00007ffe8f4e2000 	C:\WINDOWS\System32\winrnr.dll
0x00007ffeb3810000 - 0x00007ffeb3828000 	C:\WINDOWS\SYSTEM32\CRYPTSP.dll
0x00007ffeb2fa0000 - 0x00007ffeb2fd4000 	C:\WINDOWS\system32\rsaenh.dll
0x00007ffeb3df0000 - 0x00007ffeb3e1e000 	C:\WINDOWS\SYSTEM32\USERENV.dll
0x00007ffeb3830000 - 0x00007ffeb383c000 	C:\WINDOWS\SYSTEM32\CRYPTBASE.dll

dbghelp: loaded successfully - version: 4.0.5 - missing functions: none
symbol engine: initialized successfully - sym options: 0x614 - pdb path: .;C:\Program Files\AdoptOpenJDK\jdk-11.0.11.9-hotspot\bin;C:\WINDOWS\SYSTEM32;C:\WINDOWS\WinSxS\amd64_microsoft.windows.common-controls_6595b64144ccf1df_6.0.19041.1110_none_60b5254171f9507e;C:\Program Files\AdoptOpenJDK\jdk-11.0.11.9-hotspot\bin\server;C:\apache-maven-3.8.1\lib\jansi-native\windows64

VM Arguments:
jvm_args: -Dclassworlds.conf=C:\apache-maven-3.8.1\bin\..\bin\m2.conf -Dmaven.home=C:\apache-maven-3.8.1\bin\.. -Dlibrary.jansi.path=C:\apache-maven-3.8.1\bin\..\lib\jansi-native -Dmaven.multiModuleProjectDirectory=C:\Temp\MyTest\mydealprj\Consign 
java_command: org.codehaus.plexus.classworlds.launcher.Launcher spring-boot:run
java_class_path (initial): C:\apache-maven-3.8.1\bin\..\boot\plexus-classworlds-2.6.0.jar
Launcher Type: SUN_STANDARD

[Global flags]
     intx CICompilerCount                          = 3                                         {product} {ergonomic}
     uint ConcGCThreads                            = 1                                         {product} {ergonomic}
     uint G1ConcRefinementThreads                  = 4                                         {product} {ergonomic}
   size_t G1HeapRegionSize                         = 1048576                                   {product} {ergonomic}
    uintx GCDrainStackTargetSize                   = 64                                        {product} {ergonomic}
   size_t InitialHeapSize                          = 134217728                                 {product} {ergonomic}
   size_t MarkStackSize                            = 4194304                                   {product} {ergonomic}
   size_t MaxHeapSize                              = 2126512128                                {product} {ergonomic}
   size_t MaxNewSize                               = 1275068416                                {product} {ergonomic}
   size_t MinHeapDeltaBytes                        = 1048576                                   {product} {ergonomic}
    uintx NonNMethodCodeHeapSize                   = 5830732                                {pd product} {ergonomic}
    uintx NonProfiledCodeHeapSize                  = 122913754                              {pd product} {ergonomic}
    uintx ProfiledCodeHeapSize                     = 122913754                              {pd product} {ergonomic}
    uintx ReservedCodeCacheSize                    = 251658240                              {pd product} {ergonomic}
     bool SegmentedCodeCache                       = true                                      {product} {ergonomic}
     bool UseCompressedClassPointers               = true                                 {lp64_product} {ergonomic}
     bool UseCompressedOops                        = true                                 {lp64_product} {ergonomic}
     bool UseG1GC                                  = true                                      {product} {ergonomic}
     bool UseLargePagesIndividualAllocation        = false                                  {pd product} {ergonomic}

Logging:
Log output configuration:
 #0: stdout all=warning uptime,level,tags
 #1: stderr all=off uptime,level,tags

Environment Variables:
PATH=C:\Program Files\AdoptOpenJDK\jdk-11.0.11.9-hotspot\bin;C:\Program Files\Common Files\Oracle\Java\javapath;C:\Program Files (x86)\Common Files\Oracle\Java\javapath;c:\app\product\11.2.0\client_1\bin;C:\Program Files (x86)\Intel\iCLS Client\;C:\Program Files\Intel\iCLS Client\;C:\WINDOWS\system32;C:\WINDOWS;C:\WINDOWS\System32\Wbem;C:\WINDOWS\System32\WindowsPowerShell\v1.0\;C:\Program Files\Intel\Intel(R) Management Engine Components\DAL;C:\Program Files\Intel\Intel(R) Management Engine Components\IPT;C:\Program Files\Samsung\SamsungLink\AllShare Framework DMS\bin\;C:\WINDOWS\System32\OpenSSH\;C:\Python\Python39\Scripts;C:\Program Files\Microsoft VS Code\bin;C:\WINDOWS\System32\Wbem;C:\apache-maven-3.8.1\bin;;C:\Program Files\Docker\Docker\resources\bin;C:\ProgramData\DockerDesktop\version-bin;%USERPROFILE%\AppData\Local\Microsoft\WindowsApps;C:\Program Files (x86)\SoftForum\XecureHSM\;
USERNAME=권용준
LANG=ko_KR.UTF-8
OS=Windows_NT
PROCESSOR_IDENTIFIER=Intel64 Family 6 Model 61 Stepping 4, GenuineIntel



---------------  S Y S T E M  ---------------

OS: Windows 10 , 64 bit Build 19041 (10.0.19041.1023)
OS uptime: 2 days 20:33 hours
Hyper-V role detected

CPU:total 4 (initial active 4) (2 cores per cpu, 2 threads per core) family 6 model 61 stepping 4 microcode 0x2f, cmov, cx8, fxsr, mmx, sse, sse2, sse3, ssse3, sse4.1, sse4.2, popcnt, avx, avx2, aes, clmul, erms, 3dnowpref, lzcnt, ht, tsc, tscinvbit, bmi1, bmi2, adx, fma

Memory: 4k page, system-wide physical 8107M (655M free)
TotalPageFile size 23052M (AvailPageFile size 7M)
current process WorkingSet (physical memory assigned to process): 405M, peak: 409M
current process commit charge ("private bytes"): 435M, peak: 440M

vm_info: OpenJDK 64-Bit Server VM (11.0.11+9) for windows-amd64 JRE (11.0.11+9), built on Apr 20 2021 21:22:09 by "" with MS VC++ 15.9 (VS2017)

END.
